2025-05-27 10:47:51,878 p=701981 u=pacnetadmin n=ansible INFO| ansible-playbook [core 2.18.5]
  config file = /home/pacnetadmin/ansible/beszel/ansible.cfg
  configured module search path = ['/home/pacnetadmin/.ansible/plugins/modules', '/usr/share/ansible/plugins/modules']
  ansible python module location = /home/pacnetadmin/ansible-env/lib/python3.11/site-packages/ansible
  ansible collection location = /home/pacnetadmin/.ansible/collections:/usr/share/ansible/collections
  executable location = /home/pacnetadmin/ansible-env/bin/ansible-playbook
  python version = 3.11.2 (main, Apr 28 2025, 14:11:48) [GCC 12.2.0] (/home/pacnetadmin/ansible-env/bin/python3)
  jinja version = 3.1.6
  libyaml = True
2025-05-27 10:47:51,878 p=701981 u=pacnetadmin n=ansible INFO| Using /home/pacnetadmin/ansible/beszel/ansible.cfg as config file
2025-05-27 10:47:51,997 p=701981 u=pacnetadmin n=ansible WARNING| [WARNING]: Unable to parse /home/pacnetadmin/ansible/inventory/hosts.ini as an inventory source

2025-05-27 10:47:51,997 p=701981 u=pacnetadmin n=ansible WARNING| [WARNING]: No inventory was parsed, only implicit localhost is available

2025-05-27 10:47:52,000 p=701981 u=pacnetadmin n=ansible WARNING| [WARNING]: provided hosts list is empty, only localhost is available. Note that the implicit
localhost does not match 'all'

2025-05-27 10:47:52,000 p=701981 u=pacnetadmin n=ansible WARNING| [WARNING]: Could not match supplied host pattern, ignoring: pserver04

2025-05-27 10:47:52,031 p=701981 u=pacnetadmin n=ansible ERROR| ERROR! Unable to retrieve file contents
Could not find or access '/home/pacnetadmin/ansible/beszel/tasks/main.yml' on the Ansible Controller.
If you are using a module and expect the file to exist on the remote, see the remote_src option
2025-05-27 10:49:27,863 p=702095 u=pacnetadmin n=ansible INFO| ansible-playbook [core 2.18.5]
  config file = /home/pacnetadmin/ansible/beszel/ansible.cfg
  configured module search path = ['/home/pacnetadmin/.ansible/plugins/modules', '/usr/share/ansible/plugins/modules']
  ansible python module location = /home/pacnetadmin/ansible-env/lib/python3.11/site-packages/ansible
  ansible collection location = /home/pacnetadmin/.ansible/collections:/usr/share/ansible/collections
  executable location = /home/pacnetadmin/ansible-env/bin/ansible-playbook
  python version = 3.11.2 (main, Apr 28 2025, 14:11:48) [GCC 12.2.0] (/home/pacnetadmin/ansible-env/bin/python3)
  jinja version = 3.1.6
  libyaml = True
2025-05-27 10:49:27,863 p=702095 u=pacnetadmin n=ansible INFO| Using /home/pacnetadmin/ansible/beszel/ansible.cfg as config file
2025-05-27 10:49:27,980 p=702095 u=pacnetadmin n=ansible WARNING| [WARNING]: Unable to parse /home/pacnetadmin/ansible/inventory/hosts.ini as an inventory source

2025-05-27 10:49:27,980 p=702095 u=pacnetadmin n=ansible WARNING| [WARNING]: No inventory was parsed, only implicit localhost is available

2025-05-27 10:49:27,983 p=702095 u=pacnetadmin n=ansible WARNING| [WARNING]: provided hosts list is empty, only localhost is available. Note that the implicit
localhost does not match 'all'

2025-05-27 10:49:27,983 p=702095 u=pacnetadmin n=ansible WARNING| [WARNING]: Could not match supplied host pattern, ignoring: pserver04

2025-05-27 10:49:28,014 p=702095 u=pacnetadmin n=ansible ERROR| ERROR! Unable to retrieve file contents
Could not find or access '/home/pacnetadmin/ansible/beszel/tasks/main.yml' on the Ansible Controller.
If you are using a module and expect the file to exist on the remote, see the remote_src option
2025-05-27 12:09:52,915 p=707131 u=pacnetadmin n=ansible INFO| ansible-playbook [core 2.18.5]
  config file = /home/pacnetadmin/ansible/beszel/ansible.cfg
  configured module search path = ['/home/pacnetadmin/.ansible/plugins/modules', '/usr/share/ansible/plugins/modules']
  ansible python module location = /home/pacnetadmin/ansible-env/lib/python3.11/site-packages/ansible
  ansible collection location = /home/pacnetadmin/.ansible/collections:/usr/share/ansible/collections
  executable location = /home/pacnetadmin/ansible-env/bin/ansible-playbook
  python version = 3.11.2 (main, Apr 28 2025, 14:11:48) [GCC 12.2.0] (/home/pacnetadmin/ansible-env/bin/python3)
  jinja version = 3.1.6
  libyaml = True
2025-05-27 12:09:52,915 p=707131 u=pacnetadmin n=ansible INFO| Using /home/pacnetadmin/ansible/beszel/ansible.cfg as config file
2025-05-27 12:09:53,069 p=707131 u=pacnetadmin n=ansible ERROR| ERROR! Unable to retrieve file contents
Could not find or access '/home/pacnetadmin/ansible/beszel/tasks/main.yml' on the Ansible Controller.
If you are using a module and expect the file to exist on the remote, see the remote_src option
2025-05-27 12:21:51,720 p=707891 u=pacnetadmin n=ansible INFO| ansible-playbook [core 2.18.5]
  config file = /home/pacnetadmin/ansible/beszel/ansible.cfg
  configured module search path = ['/home/pacnetadmin/.ansible/plugins/modules', '/usr/share/ansible/plugins/modules']
  ansible python module location = /home/pacnetadmin/ansible-env/lib/python3.11/site-packages/ansible
  ansible collection location = /home/pacnetadmin/.ansible/collections:/usr/share/ansible/collections
  executable location = /home/pacnetadmin/ansible-env/bin/ansible-playbook
  python version = 3.11.2 (main, Apr 28 2025, 14:11:48) [GCC 12.2.0] (/home/pacnetadmin/ansible-env/bin/python3)
  jinja version = 3.1.6
  libyaml = True
2025-05-27 12:21:51,720 p=707891 u=pacnetadmin n=ansible INFO| Using /home/pacnetadmin/ansible/beszel/ansible.cfg as config file
2025-05-27 12:21:51,872 p=707891 u=pacnetadmin n=ansible ERROR| ERROR! Unable to retrieve file contents
Could not find or access '/home/pacnetadmin/ansible/beszel/tasks/main.yml' on the Ansible Controller.
If you are using a module and expect the file to exist on the remote, see the remote_src option
